<?xml version="1.0" encoding="UTF-8"?>
<!-- Generated by org.testng.reporters.JUnitXMLReporter -->
<testsuite hostname="apanigrahi-pc" ignored="0" name="Smoke" tests="3" failures="1" timestamp="2020-03-28T23:10:13 IST" time="149.824" errors="0">
  <testcase name="navigateToSauceDemo" time="27.908" classname="com.project.Testcases.NavigateAndLoginToSauceDemo"/>
  <testcase name="loginToSauceDemo" time="120.664" classname="com.project.Testcases.NavigateAndLoginToSauceDemo">
    <failure type="java.lang.AssertionError" message="Error while inputting text into: &amp;apos;Password field&amp;apos; : no such element: Unable to locate element: {&amp;quot;method&amp;quot;:&amp;quot;id&amp;quot;,&amp;quot;selector&amp;quot;:&amp;quot;passwor&amp;quot;}
  (Session info: chrome=80.0.3987.149)
  (Driver info: chromedriver=2.35.528161 (5b82f2d2aae0ca24b877009200ced9065a772e73),platform=Windows NT 10.0.18363 x86_64) (WARNING...">
      <![CDATA[java.lang.AssertionError: Error while inputting text into: 'Password field' : no such element: Unable to locate element: {"method":"id","selector":"passwor"}
  (Session info: chrome=80.0.3987.149)
  (Driver info: chromedriver=2.35.528161 (5b82f2d2aae0ca24b877009200ced9065a772e73),platform=Windows NT 10.0.18363 x86_64) (WARNING...
at com.project.Utility.MethodLibrary.clearAndInput(MethodLibrary.java:329)
at com.project.Page.LoginPage.loginToSauceDemo(LoginPage.java:26)
at com.project.Testcases.NavigateAndLoginToSauceDemo.loginToSauceDemo(NavigateAndLoginToSauceDemo.java:27)
at java.util.ArrayList.forEach(Unknown Source)
... Removed 28 stack frames]]>
    </failure>
  </testcase> <!-- loginToSauceDemo -->
  <testcase name="logoutOfSauceDemo" time="0.0" classname="com.project.Testcases.NavigateAndLoginToSauceDemo">
    <skipped/>
  </testcase> <!-- logoutOfSauceDemo -->
</testsuite> <!-- Smoke -->
