<?xml version="1.0" encoding="UTF-8"?>
<!-- Generated by org.testng.reporters.JUnitReportReporter -->
<testsuite skipped="1" hostname="apanigrahi-pc" name="com.project.Testcases.NavigateAndLoginToSauceDemo" tests="3" failures="1" timestamp="2020-03-28T23:10:13 IST" time="148.583" errors="0">
  <testcase name="loginToSauceDemo" time="120.674" classname="com.project.Testcases.NavigateAndLoginToSauceDemo">
    <failure type="java.lang.AssertionError" message="Error while inputting text into: &#039;Password field&#039; : no such element: Unable to locate element: {&quot;method&quot;:&quot;id&quot;,&quot;selector&quot;:&quot;passwor&quot;}
  (Session info: chrome=80.0.3987.149)
  (Driver info: chromedriver=2.35.528161 (5b82f2d2aae0ca24b877009200ced9065a772e73),platform=Windows NT 10.0.18363 x86_64) (WARNING...">
      <![CDATA[java.lang.AssertionError: Error while inputting text into: 'Password field' : no such element: Unable to locate element: {"method":"id","selector":"passwor"}
  (Session info: chrome=80.0.3987.149)
  (Driver info: chromedriver=2.35.528161 (5b82f2d2aae0ca24b877009200ced9065a772e73),platform=Windows NT 10.0.18363 x86_64) (WARNING...
at org.testng.Assert.fail(Assert.java:97)
at com.project.Utility.MethodLibrary.clearAndInput(MethodLibrary.java:329)
at com.project.Page.LoginPage.loginToSauceDemo(LoginPage.java:26)
at com.project.Testcases.NavigateAndLoginToSauceDemo.loginToSauceDemo(NavigateAndLoginToSauceDemo.java:27)
at sun.reflect.NativeMethodAccessorImpl.invoke0(Native Method)
at sun.reflect.NativeMethodAccessorImpl.invoke(Unknown Source)
at sun.reflect.DelegatingMethodAccessorImpl.invoke(Unknown Source)
at java.lang.reflect.Method.invoke(Unknown Source)
at org.testng.internal.MethodInvocationHelper.invokeMethod(MethodInvocationHelper.java:133)
at org.testng.internal.TestInvoker.invokeMethod(TestInvoker.java:584)
at org.testng.internal.TestInvoker.invokeTestMethod(TestInvoker.java:172)
at org.testng.internal.MethodRunner.runInSequence(MethodRunner.java:46)
at org.testng.internal.TestInvoker$MethodInvocationAgent.invoke(TestInvoker.java:804)
at org.testng.internal.TestInvoker.invokeTestMethods(TestInvoker.java:145)
at org.testng.internal.TestMethodWorker.invokeTestMethods(TestMethodWorker.java:146)
at org.testng.internal.TestMethodWorker.run(TestMethodWorker.java:128)
at java.util.ArrayList.forEach(Unknown Source)
at org.testng.TestRunner.privateRun(TestRunner.java:770)
at org.testng.TestRunner.run(TestRunner.java:591)
at org.testng.SuiteRunner.runTest(SuiteRunner.java:402)
at org.testng.SuiteRunner.runSequentially(SuiteRunner.java:396)
at org.testng.SuiteRunner.privateRun(SuiteRunner.java:355)
at org.testng.SuiteRunner.run(SuiteRunner.java:304)
at org.testng.SuiteRunnerWorker.runSuite(SuiteRunnerWorker.java:53)
at org.testng.SuiteRunnerWorker.run(SuiteRunnerWorker.java:96)
at org.testng.TestNG.runSuitesSequentially(TestNG.java:1180)
at org.testng.TestNG.runSuitesLocally(TestNG.java:1102)
at org.testng.TestNG.runSuites(TestNG.java:1032)
at org.testng.TestNG.run(TestNG.java:1000)
at org.testng.remote.AbstractRemoteTestNG.run(AbstractRemoteTestNG.java:115)
at org.testng.remote.RemoteTestNG.initAndRun(RemoteTestNG.java:251)
at org.testng.remote.RemoteTestNG.main(RemoteTestNG.java:77)
]]>
    </failure>
  </testcase> <!-- loginToSauceDemo -->
  <testcase name="navigateToSauceDemo" time="27.909" classname="com.project.Testcases.NavigateAndLoginToSauceDemo"/>
  <testcase name="logoutOfSauceDemo" time="0.000" classname="com.project.Testcases.NavigateAndLoginToSauceDemo">
    <skipped/>
  </testcase> <!-- logoutOfSauceDemo -->
</testsuite> <!-- com.project.Testcases.NavigateAndLoginToSauceDemo -->
